14:56:51  INFO      Running on first 3 / 862 target(s).
14:56:51  INFO      [TIC 468184895] Processing ģ
14:56:55  INFO        Found 7 sector(s) for TIC 468184895. Downloading ģ
14:57:15  INFO      3% (498/19373) of the cadences will be ignored due to the quality mask (quality_bitmask=17087).
14:57:22  INFO      0% (31/16812) of the cadences will be ignored due to the quality mask (quality_bitmask=17087).
14:57:28  INFO      0% (70/19407) of the cadences will be ignored due to the quality mask (quality_bitmask=17087).
14:57:34  INFO      8% (1656/20262) of the cadences will be ignored due to the quality mask (quality_bitmask=17087).
14:57:39  INFO      1% (251/19536) of the cadences will be ignored due to the quality mask (quality_bitmask=17087).
14:57:43  INFO      1% (192/18412) of the cadences will be ignored due to the quality mask (quality_bitmask=17087).
14:57:48  INFO      7% (1280/18170) of the cadences will be ignored due to the quality mask (quality_bitmask=17087).
14:57:50  INFO      [TIC 419666736] Processing ģ
14:57:51  INFO        Found 6 sector(s) for TIC 419666736. Downloading ģ
14:57:58  INFO      3% (499/19373) of the cadences will be ignored due to the quality mask (quality_bitmask=17087).
14:58:08  INFO      0% (31/16812) of the cadences will be ignored due to the quality mask (quality_bitmask=17087).
14:58:15  INFO      0% (73/19407) of the cadences will be ignored due to the quality mask (quality_bitmask=17087).
14:58:20  INFO      8% (1656/20262) of the cadences will be ignored due to the quality mask (quality_bitmask=17087).
14:58:26  INFO      1% (193/18412) of the cadences will be ignored due to the quality mask (quality_bitmask=17087).
14:58:37  INFO      7% (1280/18170) of the cadences will be ignored due to the quality mask (quality_bitmask=17087).
14:58:38  INFO      [TIC 290492819] Processing ģ
14:58:39  INFO        Found 3 sector(s) for TIC 290492819. Downloading ģ
14:58:43  INFO      3% (506/19373) of the cadences will be ignored due to the quality mask (quality_bitmask=17087).
14:58:47  INFO      2% (385/19811) of the cadences will be ignored due to the quality mask (quality_bitmask=17087).
14:58:51  INFO      0% (40/16812) of the cadences will be ignored due to the quality mask (quality_bitmask=17087).
15:09:27  INFO      Running on all 862 target(s).
15:09:27  INFO      [TIC 468184895] Cache hit ¢ skipping.
15:09:27  INFO      [TIC 419666736] Cache hit ¢ skipping.
15:09:27  INFO      [TIC 290492819] Cache hit ¢ skipping.
15:09:27  INFO      [TIC 267194964] Processing ģ
15:09:30  INFO        Found 4 sector(s) for TIC 267194964. Downloading ģ
15:09:35  INFO      3% (503/19373) of the cadences will be ignored due to the quality mask (quality_bitmask=17087).
15:09:42  INFO      2% (378/19811) of the cadences will be ignored due to the quality mask (quality_bitmask=17087).
15:09:48  INFO      0% (34/16812) of the cadences will be ignored due to the quality mask (quality_bitmask=17087).
15:09:54  INFO      0% (80/19407) of the cadences will be ignored due to the quality mask (quality_bitmask=17087).
15:09:55  INFO        Saved 70013 cadences -> data\raw\lightcurves\TIC_267194964.csv
15:09:55  INFO      Diagnostic plot saved -> plots\lc_first_star.png
15:09:56  INFO      [TIC 269900924] Processing ģ
15:10:21  INFO        No 2-min SPOC data found for TIC 269900924.
15:10:22  INFO      [TIC 394779282] Processing ģ
15:10:43  INFO        No 2-min SPOC data found for TIC 394779282.
15:10:44  INFO      [TIC 257726702] Processing ģ
15:10:45  INFO        Found 5 sector(s) for TIC 257726702. Downloading ģ
15:11:06  INFO      3% (510/19373) of the cadences will be ignored due to the quality mask (quality_bitmask=17087).
15:11:11  INFO      0% (34/16812) of the cadences will be ignored due to the quality mask (quality_bitmask=17087).
15:11:22  INFO      0% (72/19407) of the cadences will be ignored due to the quality mask (quality_bitmask=17087).
15:11:26  INFO      8% (1658/20262) of the cadences will be ignored due to the quality mask (quality_bitmask=17087).
15:11:37  INFO      1% (253/19536) of the cadences will be ignored due to the quality mask (quality_bitmask=17087).
15:11:38  INFO        Saved 82506 cadences -> data\raw\lightcurves\TIC_257726702.csv
15:11:39  INFO      [TIC 468155076] Processing ģ
15:11:40  INFO        Found 6 sector(s) for TIC 468155076. Downloading ģ
15:11:44  INFO      2% (381/19811) of the cadences will be ignored due to the quality mask (quality_bitmask=17087).
15:11:48  INFO      0% (31/16812) of the cadences will be ignored due to the quality mask (quality_bitmask=17087).
15:11:53  INFO      8% (1659/20262) of the cadences will be ignored due to the quality mask (quality_bitmask=17087).
15:11:58  INFO      1% (251/19536) of the cadences will be ignored due to the quality mask (quality_bitmask=17087).
15:12:07  INFO      1% (191/18412) of the cadences will be ignored due to the quality mask (quality_bitmask=17087).
15:12:12  INFO      7% (1279/18170) of the cadences will be ignored due to the quality mask (quality_bitmask=17087).
15:12:12  INFO        Saved 98559 cadences -> data\raw\lightcurves\TIC_468155076.csv
15:12:13  INFO      [TIC 317154919] Processing ģ
15:12:14  INFO        Found 4 sector(s) for TIC 317154919. Downloading ģ
15:12:20  INFO      3% (500/19373) of the cadences will be ignored due to the quality mask (quality_bitmask=17087).
15:12:24  INFO      2% (380/19811) of the cadences will be ignored due to the quality mask (quality_bitmask=17087).
15:12:28  INFO      0% (32/16812) of the cadences will be ignored due to the quality mask (quality_bitmask=17087).
15:12:40  INFO      0% (74/19407) of the cadences will be ignored due to the quality mask (quality_bitmask=17087).
15:12:40  INFO        Saved 70014 cadences -> data\raw\lightcurves\TIC_317154919.csv
15:12:41  INFO      [TIC 401796943] Processing ģ
15:12:42  INFO        Found 4 sector(s) for TIC 401796943. Downloading ģ
15:12:46  INFO      3% (506/19373) of the cadences will be ignored due to the quality mask (quality_bitmask=17087).
15:12:50  INFO      2% (385/19811) of the cadences will be ignored due to the quality mask (quality_bitmask=17087).
15:12:55  INFO      0% (36/16812) of the cadences will be ignored due to the quality mask (quality_bitmask=17087).
15:12:59  INFO      0% (77/19407) of the cadences will be ignored due to the quality mask (quality_bitmask=17087).
15:12:59  INFO        Saved 69990 cadences -> data\raw\lightcurves\TIC_401796943.csv
15:13:00  INFO      [TIC 410390728] Processing ģ
15:13:02  INFO        Found 7 sector(s) for TIC 410390728. Downloading ģ
15:13:06  INFO      3% (502/19373) of the cadences will be ignored due to the quality mask (quality_bitmask=17087).
15:13:19  INFO      2% (375/19811) of the cadences will be ignored due to the quality mask (quality_bitmask=17087).
15:13:24  INFO      0% (33/16812) of the cadences will be ignored due to the quality mask (quality_bitmask=17087).
15:13:37  INFO      0% (79/19407) of the cadences will be ignored due to the quality mask (quality_bitmask=17087).
15:13:42  INFO      1% (119/19631) of the cadences will be ignored due to the quality mask (quality_bitmask=17087).
15:13:53  INFO      1% (260/19536) of the cadences will be ignored due to the quality mask (quality_bitmask=17087).
15:13:57  INFO      7% (1349/18170) of the cadences will be ignored due to the quality mask (quality_bitmask=17087).
15:13:57  INFO        Saved 119754 cadences -> data\raw\lightcurves\TIC_410390728.csv
15:13:58  INFO      [TIC 327853078] Processing ģ
15:13:59  INFO        Found 5 sector(s) for TIC 327853078. Downloading ģ
15:14:08  INFO      3% (504/19373) of the cadences will be ignored due to the quality mask (quality_bitmask=17087).
15:14:22  INFO      2% (381/19811) of the cadences will be ignored due to the quality mask (quality_bitmask=17087).
15:14:33  INFO      0% (34/16812) of the cadences will be ignored due to the quality mask (quality_bitmask=17087).
15:14:42  INFO      0% (79/19407) of the cadences will be ignored due to the quality mask (quality_bitmask=17087).
15:14:47  INFO      7% (1280/18170) of the cadences will be ignored due to the quality mask (quality_bitmask=17087).
15:14:48  INFO        Saved 85260 cadences -> data\raw\lightcurves\TIC_327853078.csv
15:14:49  INFO      [TIC 274226393] Processing ģ
15:14:50  INFO        Found 3 sector(s) for TIC 274226393. Downloading ģ
15:14:56  INFO      0% (32/16812) of the cadences will be ignored due to the quality mask (quality_bitmask=17087).
15:15:01  INFO      0% (76/19407) of the cadences will be ignored due to the quality mask (quality_bitmask=17087).
15:15:06  INFO      1% (261/19536) of the cadences will be ignored due to the quality mask (quality_bitmask=17087).
15:15:06  INFO        Saved 50042 cadences -> data\raw\lightcurves\TIC_274226393.csv
15:15:07  INFO      [TIC 410306905] Processing ģ
15:15:46  INFO        Found 2 sector(s) for TIC 410306905. Downloading ģ
15:15:55  INFO      3% (506/19373) of the cadences will be ignored due to the quality mask (quality_bitmask=17087).
15:16:00  INFO      2% (377/19811) of the cadences will be ignored due to the quality mask (quality_bitmask=17087).
15:16:00  INFO        Saved 34519 cadences -> data\raw\lightcurves\TIC_410306905.csv
15:16:01  INFO      [TIC 270277190] Processing ģ
15:16:21  INFO        No 2-min SPOC data found for TIC 270277190.
15:16:22  INFO      [TIC 274034143] Processing ģ
15:16:33  INFO        No 2-min SPOC data found for TIC 274034143.
15:16:34  INFO      [TIC 405467230] Processing ģ
15:16:35  INFO        Found 5 sector(s) for TIC 405467230. Downloading ģ
15:16:47  INFO      3% (500/19373) of the cadences will be ignored due to the quality mask (quality_bitmask=17087).
15:16:51  INFO      2% (381/19811) of the cadences will be ignored due to the quality mask (quality_bitmask=17087).
15:16:54  INFO      0% (32/16812) of the cadences will be ignored due to the quality mask (quality_bitmask=17087).
15:17:05  INFO      0% (74/19407) of the cadences will be ignored due to the quality mask (quality_bitmask=17087).
15:17:16  INFO      1% (262/19536) of the cadences will be ignored due to the quality mask (quality_bitmask=17087).
15:17:16  INFO        Saved 84553 cadences -> data\raw\lightcurves\TIC_405467230.csv
15:17:17  INFO      [TIC 322307026] Processing ģ
15:17:36  INFO        No 2-min SPOC data found for TIC 322307026.
15:17:37  INFO      [TIC 257772053] Processing ģ
15:17:38  INFO        Found 2 sector(s) for TIC 257772053. Downloading ģ
15:17:52  INFO      0% (31/16812) of the cadences will be ignored due to the quality mask (quality_bitmask=17087).
15:18:00  INFO      0% (83/19407) of the cadences will be ignored due to the quality mask (quality_bitmask=17087).
15:18:00  INFO        Saved 34845 cadences -> data\raw\lightcurves\TIC_257772053.csv
15:18:01  INFO      [TIC 257387983] Processing ģ
15:18:03  INFO        Found 4 sector(s) for TIC 257387983. Downloading ģ
15:18:17  INFO      3% (503/19373) of the cadences will be ignored due to the quality mask (quality_bitmask=17087).
15:18:32  INFO      0% (33/16812) of the cadences will be ignored due to the quality mask (quality_bitmask=17087).
15:18:36  INFO      0% (82/19407) of the cadences will be ignored due to the quality mask (quality_bitmask=17087).
15:18:40  INFO      1% (251/19536) of the cadences will be ignored due to the quality mask (quality_bitmask=17087).
15:18:40  INFO        Saved 65282 cadences -> data\raw\lightcurves\TIC_257387983.csv
15:18:41  INFO      [TIC 274228124] Processing ģ
15:18:42  INFO        Found 2 sector(s) for TIC 274228124. Downloading ģ
15:18:47  INFO      3% (501/19373) of the cadences will be ignored due to the quality mask (quality_bitmask=17087).
15:18:53  INFO      2% (375/19811) of the cadences will be ignored due to the quality mask (quality_bitmask=17087).
15:18:53  INFO        Saved 34526 cadences -> data\raw\lightcurves\TIC_274228124.csv
15:18:54  INFO      [TIC 270278652] Processing ģ
15:18:55  INFO        Found 3 sector(s) for TIC 270278652. Downloading ģ
15:18:59  INFO      3% (502/19373) of the cadences will be ignored due to the quality mask (quality_bitmask=17087).
15:19:04  INFO      2% (381/19811) of the cadences will be ignored due to the quality mask (quality_bitmask=17087).
15:19:09  INFO      1% (263/19536) of the cadences will be ignored due to the quality mask (quality_bitmask=17087).
15:19:09  INFO        Saved 49435 cadences -> data\raw\lightcurves\TIC_270278652.csv
15:19:10  INFO      [TIC 318237210] Processing ģ
15:19:11  INFO        Found 1 sector(s) for TIC 318237210. Downloading ģ
15:19:18  INFO      2% (376/19811) of the cadences will be ignored due to the quality mask (quality_bitmask=17087).
15:19:18  INFO        Saved 19434 cadences -> data\raw\lightcurves\TIC_318237210.csv
15:19:19  INFO      [TIC 401819729] Processing ģ
15:19:21  INFO        Found 2 sector(s) for TIC 401819729. Downloading ģ
15:19:27  INFO      0% (32/16812) of the cadences will be ignored due to the quality mask (quality_bitmask=17087).
15:19:49  INFO      0% (73/19407) of the cadences will be ignored due to the quality mask (quality_bitmask=17087).
15:19:49  INFO        Saved 34964 cadences -> data\raw\lightcurves\TIC_401819729.csv
15:19:50  INFO      [TIC 318614521] Processing ģ
15:19:51  INFO        Found 4 sector(s) for TIC 318614521. Downloading ģ
15:20:09  INFO      3% (500/19373) of the cadences will be ignored due to the quality mask (quality_bitmask=17087).
15:20:28  INFO      2% (378/19811) of the cadences will be ignored due to the quality mask (quality_bitmask=17087).
15:20:46  INFO      8% (1657/20262) of the cadences will be ignored due to the quality mask (quality_bitmask=17087).
15:20:52  INFO      1% (252/19536) of the cadences will be ignored due to the quality mask (quality_bitmask=17087).
15:20:53  INFO        Saved 66472 cadences -> data\raw\lightcurves\TIC_318614521.csv
15:20:54  INFO      [TIC 318273949] Processing ģ
15:20:55  INFO        Found 1 sector(s) for TIC 318273949. Downloading ģ
15:21:05  INFO      3% (500/19373) of the cadences will be ignored due to the quality mask (quality_bitmask=17087).
15:21:05  INFO        Saved 15102 cadences -> data\raw\lightcurves\TIC_318273949.csv
15:21:06  INFO      [TIC 257738254] Processing ģ
15:21:08  INFO        Found 5 sector(s) for TIC 257738254. Downloading ģ
15:21:27  INFO      0% (33/16812) of the cadences will be ignored due to the quality mask (quality_bitmask=17087).
15:21:47  INFO      0% (77/19407) of the cadences will be ignored due to the quality mask (quality_bitmask=17087).
15:22:06  INFO      1% (118/19631) of the cadences will be ignored due to the quality mask (quality_bitmask=17087).
15:22:23  INFO      8% (1656/20262) of the cadences will be ignored due to the quality mask (quality_bitmask=17087).
15:22:43  INFO      1% (261/19536) of the cadences will be ignored due to the quality mask (quality_bitmask=17087).
15:22:44  INFO        Saved 85498 cadences -> data\raw\lightcurves\TIC_257738254.csv
15:22:45  INFO      [TIC 321154297] Processing ģ
15:22:46  INFO        Found 2 sector(s) for TIC 321154297. Downloading ģ
15:23:03  INFO      0% (31/16812) of the cadences will be ignored due to the quality mask (quality_bitmask=17087).
15:23:20  INFO      0% (71/19407) of the cadences will be ignored due to the quality mask (quality_bitmask=17087).
15:23:21  INFO        Saved 34455 cadences -> data\raw\lightcurves\TIC_321154297.csv
15:23:22  INFO      [TIC 2054445521] Processing ģ
15:23:32  INFO        Found 5 sector(s) for TIC 2054445521. Downloading ģ
15:23:32  INFO      3% (510/19373) of the cadences will be ignored due to the quality mask (quality_bitmask=17087).
15:23:32  INFO      0% (34/16812) of the cadences will be ignored due to the quality mask (quality_bitmask=17087).
15:23:32  INFO      0% (72/19407) of the cadences will be ignored due to the quality mask (quality_bitmask=17087).
15:23:32  INFO      8% (1658/20262) of the cadences will be ignored due to the quality mask (quality_bitmask=17087).
15:23:32  INFO      1% (253/19536) of the cadences will be ignored due to the quality mask (quality_bitmask=17087).
15:23:33  INFO        Saved 82506 cadences -> data\raw\lightcurves\TIC_2054445521.csv
15:23:34  INFO      [TIC 394780785] Processing ģ
15:23:51  INFO        No 2-min SPOC data found for TIC 394780785.
15:23:52  INFO      [TIC 346745925] Processing ģ
15:23:53  INFO        Found 1 sector(s) for TIC 346745925. Downloading ģ
15:24:14  INFO      3% (502/19373) of the cadences will be ignored due to the quality mask (quality_bitmask=17087).
15:24:14  INFO        Saved 15101 cadences -> data\raw\lightcurves\TIC_346745925.csv
15:24:15  INFO      [TIC 451527506] Processing ģ
15:24:16  INFO        Found 1 sector(s) for TIC 451527506. Downloading ģ
15:24:35  INFO      3% (499/19373) of the cadences will be ignored due to the quality mask (quality_bitmask=17087).
15:24:35  INFO        Saved 15103 cadences -> data\raw\lightcurves\TIC_451527506.csv
15:24:36  INFO      [TIC 405478524] Processing ģ
15:24:37  INFO        Found 2 sector(s) for TIC 405478524. Downloading ģ
15:24:55  INFO      0% (32/16812) of the cadences will be ignored due to the quality mask (quality_bitmask=17087).
15:25:12  INFO      0% (72/19407) of the cadences will be ignored due to the quality mask (quality_bitmask=17087).
15:25:13  INFO        Saved 34278 cadences -> data\raw\lightcurves\TIC_405478524.csv
15:25:14  INFO      [TIC 405476976] Processing ģ
15:25:15  INFO        Found 2 sector(s) for TIC 405476976. Downloading ģ
15:25:35  INFO      3% (501/19373) of the cadences will be ignored due to the quality mask (quality_bitmask=17087).
15:25:54  INFO      2% (374/19811) of the cadences will be ignored due to the quality mask (quality_bitmask=17087).
15:25:55  INFO        Saved 34534 cadences -> data\raw\lightcurves\TIC_405476976.csv
15:25:56  INFO      [TIC 415972720] Processing ģ
15:25:56  INFO        Found 2 sector(s) for TIC 415972720. Downloading ģ
15:26:18  INFO      3% (498/19373) of the cadences will be ignored due to the quality mask (quality_bitmask=17087).
15:26:37  INFO      2% (373/19811) of the cadences will be ignored due to the quality mask (quality_bitmask=17087).
15:26:38  INFO        Saved 34543 cadences -> data\raw\lightcurves\TIC_415972720.csv
15:26:39  INFO      [TIC 388242391] Processing ģ
15:26:40  INFO        Found 2 sector(s) for TIC 388242391. Downloading ģ
15:27:00  INFO      3% (499/19373) of the cadences will be ignored due to the quality mask (quality_bitmask=17087).
15:27:05  INFO      2% (376/19811) of the cadences will be ignored due to the quality mask (quality_bitmask=17087).
15:27:05  INFO        Saved 34536 cadences -> data\raw\lightcurves\TIC_388242391.csv
15:27:06  INFO      [TIC 279799164] Processing ģ
15:27:15  INFO        No 2-min SPOC data found for TIC 279799164.
15:27:16  INFO      [TIC 400734591] Processing ģ
15:27:28  INFO        No 2-min SPOC data found for TIC 400734591.
15:27:29  INFO      [TIC 270278779] Processing ģ
15:27:30  INFO        Found 2 sector(s) for TIC 270278779. Downloading ģ
15:27:51  INFO      3% (502/19373) of the cadences will be ignored due to the quality mask (quality_bitmask=17087).
15:28:10  INFO      2% (377/19811) of the cadences will be ignored due to the quality mask (quality_bitmask=17087).
15:28:10  INFO        Saved 34505 cadences -> data\raw\lightcurves\TIC_270278779.csv
15:28:11  INFO      [TIC 424996766] Processing ģ
15:28:20  INFO        No 2-min SPOC data found for TIC 424996766.
15:28:21  INFO      [TIC 388283499] Processing ģ
15:28:31  INFO        No 2-min SPOC data found for TIC 388283499.
15:28:32  INFO      [TIC 383503362] Processing ģ
15:28:42  INFO        No 2-min SPOC data found for TIC 383503362.
15:28:43  INFO      [TIC 257325189] Processing ģ
15:28:45  INFO        Found 1 sector(s) for TIC 257325189. Downloading ģ
15:29:08  INFO      3% (498/19373) of the cadences will be ignored due to the quality mask (quality_bitmask=17087).
15:29:08  INFO        Saved 15105 cadences -> data\raw\lightcurves\TIC_257325189.csv
15:29:09  INFO      [TIC 468179081] Processing ģ
15:29:16  INFO        No 2-min SPOC data found for TIC 468179081.
15:29:17  INFO      [TIC 451562770] Processing ģ
15:29:26  INFO        No 2-min SPOC data found for TIC 451562770.
15:29:27  INFO      [TIC 267168728] Processing ģ
15:29:28  INFO        Found 2 sector(s) for TIC 267168728. Downloading ģ
15:29:49  INFO      3% (499/19373) of the cadences will be ignored due to the quality mask (quality_bitmask=17087).
15:30:08  INFO      2% (373/19811) of the cadences will be ignored due to the quality mask (quality_bitmask=17087).
15:30:08  INFO        Saved 34261 cadences -> data\raw\lightcurves\TIC_267168728.csv
15:30:09  INFO      [TIC 317383594] Processing ģ
15:30:20  INFO        No 2-min SPOC data found for TIC 317383594.
15:30:21  INFO      [TIC 327856514] Processing ģ
15:30:30  INFO        No 2-min SPOC data found for TIC 327856514.
15:30:31  INFO      [TIC 401796949] Processing ģ
15:30:37  INFO        No 2-min SPOC data found for TIC 401796949.
15:30:38  INFO      [TIC 362086044] Processing ģ
15:30:51  INFO        No 2-min SPOC data found for TIC 362086044.
15:30:52  INFO      [TIC 406348875] Processing ģ
15:31:00  INFO        No 2-min SPOC data found for TIC 406348875.
15:31:01  INFO      [TIC 394779283] Processing ģ
15:31:32  INFO        No 2-min SPOC data found for TIC 394779283.
15:31:33  INFO      [TIC 461737278] Processing ģ
15:31:49  INFO        No 2-min SPOC data found for TIC 461737278.
15:31:50  INFO      [TIC 274151135] Processing ģ
15:31:52  INFO        Found 7 sector(s) for TIC 274151135. Downloading ģ
15:32:11  INFO      0% (32/16812) of the cadences will be ignored due to the quality mask (quality_bitmask=17087).
15:32:27  INFO      0% (72/19407) of the cadences will be ignored due to the quality mask (quality_bitmask=17087).
15:32:47  INFO      1% (116/19631) of the cadences will be ignored due to the quality mask (quality_bitmask=17087).
15:33:07  INFO      8% (1657/20262) of the cadences will be ignored due to the quality mask (quality_bitmask=17087).
15:33:26  INFO      1% (261/19536) of the cadences will be ignored due to the quality mask (quality_bitmask=17087).
15:33:44  INFO      1% (193/18412) of the cadences will be ignored due to the quality mask (quality_bitmask=17087).
15:34:00  INFO      7% (1347/18170) of the cadences will be ignored due to the quality mask (quality_bitmask=17087).
15:34:01  INFO        Saved 115557 cadences -> data\raw\lightcurves\TIC_274151135.csv
15:34:02  INFO      [TIC 257325376] Processing ģ
15:34:07  INFO        No 2-min SPOC data found for TIC 257325376.
15:34:08  INFO      [TIC 405465759] Processing ģ
15:34:09  INFO        Found 2 sector(s) for TIC 405465759. Downloading ģ
15:34:29  INFO      3% (500/19373) of the cadences will be ignored due to the quality mask (quality_bitmask=17087).
15:34:48  INFO      2% (376/19811) of the cadences will be ignored due to the quality mask (quality_bitmask=17087).
15:34:48  INFO        Saved 34533 cadences -> data\raw\lightcurves\TIC_405465759.csv
15:34:49  INFO      [TIC 405253474] Processing ģ
15:35:10  INFO        No 2-min SPOC data found for TIC 405253474.
15:35:11  INFO      [TIC 424996587] Processing ģ
15:35:17  INFO        No 2-min SPOC data found for TIC 424996587.
15:35:18  INFO      [TIC 383430399] Processing ģ
15:35:28  INFO        No 2-min SPOC data found for TIC 383430399.
15:35:29  INFO      [TIC 321154190] Processing ģ
15:35:36  INFO        No 2-min SPOC data found for TIC 321154190.
15:35:37  INFO      [TIC 257710767] Processing ģ
15:35:46  INFO        No 2-min SPOC data found for TIC 257710767.
15:35:47  INFO      [TIC 317328068] Processing ģ
15:35:48  INFO        Found 1 sector(s) for TIC 317328068. Downloading ģ
15:36:06  INFO      3% (501/19373) of the cadences will be ignored due to the quality mask (quality_bitmask=17087).
15:36:06  INFO        Saved 15101 cadences -> data\raw\lightcurves\TIC_317328068.csv
15:36:07  INFO      [TIC 257738202] Processing ģ
15:36:08  INFO        Found 2 sector(s) for TIC 257738202. Downloading ģ
15:36:25  INFO      3% (500/19373) of the cadences will be ignored due to the quality mask (quality_bitmask=17087).
15:36:45  INFO      2% (374/19811) of the cadences will be ignored due to the quality mask (quality_bitmask=17087).
15:36:45  INFO        Saved 33929 cadences -> data\raw\lightcurves\TIC_257738202.csv
15:36:46  INFO      [TIC 274226401] Processing ģ
15:36:47  INFO        Found 2 sector(s) for TIC 274226401. Downloading ģ
15:37:05  INFO      3% (500/19373) of the cadences will be ignored due to the quality mask (quality_bitmask=17087).
15:37:26  INFO      2% (374/19811) of the cadences will be ignored due to the quality mask (quality_bitmask=17087).
15:37:26  INFO        Saved 33885 cadences -> data\raw\lightcurves\TIC_274226401.csv
15:37:27  INFO      [TIC 401835491] Processing ģ
15:37:33  INFO        No 2-min SPOC data found for TIC 401835491.
15:37:34  INFO      [TIC 405476720] Processing ģ
15:37:43  INFO        No 2-min SPOC data found for TIC 405476720.
15:37:44  INFO      [TIC 383718498] Processing ģ
15:37:51  INFO        No 2-min SPOC data found for TIC 383718498.
15:37:52  INFO      [TIC 468216951] Processing ģ
15:38:02  INFO        No 2-min SPOC data found for TIC 468216951.
15:38:03  INFO      [TIC 410305216] Processing ģ
15:38:04  INFO        Found 2 sector(s) for TIC 410305216. Downloading ģ
15:38:29  INFO      3% (499/19373) of the cadences will be ignored due to the quality mask (quality_bitmask=17087).
15:38:34  INFO      2% (376/19811) of the cadences will be ignored due to the quality mask (quality_bitmask=17087).
15:38:34  INFO        Saved 33964 cadences -> data\raw\lightcurves\TIC_410305216.csv
15:38:35  INFO      [TIC 365276508] Processing ģ
15:38:43  INFO        No 2-min SPOC data found for TIC 365276508.
15:38:44  INFO      [TIC 322277637] Processing ģ
15:39:06  INFO        No 2-min SPOC data found for TIC 322277637.
15:39:07  INFO      [TIC 388242409] Processing ģ
15:39:09  INFO        Found 2 sector(s) for TIC 388242409. Downloading ģ
15:39:30  INFO      0% (32/16812) of the cadences will be ignored due to the quality mask (quality_bitmask=17087).
15:39:51  INFO      0% (72/19407) of the cadences will be ignored due to the quality mask (quality_bitmask=17087).
15:39:51  INFO        Saved 34316 cadences -> data\raw\lightcurves\TIC_388242409.csv
15:39:52  INFO      [TIC 369366139] Processing ģ
15:39:53  INFO        Found 2 sector(s) for TIC 369366139. Downloading ģ
15:40:13  INFO      3% (500/19373) of the cadences will be ignored due to the quality mask (quality_bitmask=17087).
15:40:29  INFO      0% (32/16812) of the cadences will be ignored due to the quality mask (quality_bitmask=17087).
15:40:29  INFO        Saved 30038 cadences -> data\raw\lightcurves\TIC_369366139.csv
15:40:30  INFO      [TIC 388281544] Processing ģ
15:40:54  INFO        No 2-min SPOC data found for TIC 388281544.
15:40:55  INFO      [TIC 383355585] Processing ģ
15:41:01  INFO        No 2-min SPOC data found for TIC 383355585.
15:41:02  INFO      [TIC 257774150] Processing ģ
15:41:11  INFO        No 2-min SPOC data found for TIC 257774150.
15:41:12  INFO      [TIC 402112302] Processing ģ
15:41:28  INFO        No 2-min SPOC data found for TIC 402112302.
15:41:29  INFO      [TIC 279799236] Processing ģ
15:41:30  INFO        Found 2 sector(s) for TIC 279799236. Downloading ģ
15:41:49  INFO      3% (499/19373) of the cadences will be ignored due to the quality mask (quality_bitmask=17087).
15:42:11  INFO      2% (373/19811) of the cadences will be ignored due to the quality mask (quality_bitmask=17087).
15:42:11  INFO        Saved 33965 cadences -> data\raw\lightcurves\TIC_279799236.csv
15:42:12  INFO      [TIC 410341528] Processing ģ
15:42:23  INFO        No 2-min SPOC data found for TIC 410341528.
15:42:24  INFO      [TIC 402112153] Processing ģ
15:42:34  INFO        No 2-min SPOC data found for TIC 402112153.
15:42:35  INFO      [TIC 290267818] Processing ģ
15:42:41  INFO        No 2-min SPOC data found for TIC 290267818.
15:42:42  INFO      [TIC 318614461] Processing ģ
15:42:47  INFO        No 2-min SPOC data found for TIC 318614461.
15:42:48  INFO      [TIC 302994978] Processing ģ
15:42:49  INFO        Found 2 sector(s) for TIC 302994978. Downloading ģ
15:43:08  INFO      3% (503/19373) of the cadences will be ignored due to the quality mask (quality_bitmask=17087).
15:43:28  INFO      2% (374/19811) of the cadences will be ignored due to the quality mask (quality_bitmask=17087).
15:43:28  INFO        Saved 33869 cadences -> data\raw\lightcurves\TIC_302994978.csv
15:43:29  INFO      [TIC 327829946] Processing ģ
15:43:36  INFO        No 2-min SPOC data found for TIC 327829946.
15:43:37  INFO      [TIC 424996659] Processing ģ
15:43:42  INFO        No 2-min SPOC data found for TIC 424996659.
15:43:43  INFO      [TIC 369380876] Processing ģ
15:43:48  INFO        No 2-min SPOC data found for TIC 369380876.
15:43:49  INFO      [TIC 401821603] Processing ģ
15:43:50  INFO        Found 1 sector(s) for TIC 401821603. Downloading ģ
15:44:04  INFO      3% (500/19373) of the cadences will be ignored due to the quality mask (quality_bitmask=17087).
15:44:04  INFO        Saved 14631 cadences -> data\raw\lightcurves\TIC_401821603.csv
15:44:05  INFO      [TIC 468148894] Processing ģ
15:44:06  INFO        Found 2 sector(s) for TIC 468148894. Downloading ģ
15:44:28  INFO      3% (498/19373) of the cadences will be ignored due to the quality mask (quality_bitmask=17087).
15:44:53  INFO      2% (375/19811) of the cadences will be ignored due to the quality mask (quality_bitmask=17087).
15:44:53  INFO        Saved 34113 cadences -> data\raw\lightcurves\TIC_468148894.csv
15:44:54  INFO      [TIC 410366090] Processing ģ
15:45:39  INFO        No 2-min SPOC data found for TIC 410366090.
15:45:40  INFO      [TIC 327856665] Processing ģ
15:45:41  INFO        Found 1 sector(s) for TIC 327856665. Downloading ģ
15:45:52  INFO      2% (373/19811) of the cadences will be ignored due to the quality mask (quality_bitmask=17087).
15:45:52  INFO        Saved 19377 cadences -> data\raw\lightcurves\TIC_327856665.csv
15:45:53  INFO      [TIC 270286001] Processing ģ
15:46:04  INFO        No 2-min SPOC data found for TIC 270286001.
15:46:05  INFO      [TIC 257726882] Processing ģ
15:46:09  INFO        No 2-min SPOC data found for TIC 257726882.
15:46:10  INFO      [TIC 468155245] Processing ģ
15:46:19  INFO        No 2-min SPOC data found for TIC 468155245.
15:46:20  INFO      [TIC 318612553] Processing ģ
15:46:21  INFO        Found 5 sector(s) for TIC 318612553. Downloading ģ
15:46:45  INFO      3% (499/19373) of the cadences will be ignored due to the quality mask (quality_bitmask=17087).
15:46:49  INFO      2% (374/19811) of the cadences will be ignored due to the quality mask (quality_bitmask=17087).
15:46:55  INFO      0% (31/16812) of the cadences will be ignored due to the quality mask (quality_bitmask=17087).
15:47:13  INFO      0% (71/19407) of the cadences will be ignored due to the quality mask (quality_bitmask=17087).
15:47:19  INFO      8% (1656/20262) of the cadences will be ignored due to the quality mask (quality_bitmask=17087).
15:47:20  INFO        Saved 83643 cadences -> data\raw\lightcurves\TIC_318612553.csv
15:47:21  INFO      [TIC 394820284] Processing ģ
15:47:42  INFO        No 2-min SPOC data found for TIC 394820284.
15:47:43  INFO      [TIC 325638022] Processing ģ
15:48:04  INFO        No 2-min SPOC data found for TIC 325638022.
15:48:05  INFO      [TIC 327829910] Processing ģ
15:48:11  INFO        No 2-min SPOC data found for TIC 327829910.
15:48:12  INFO      [TIC 424989134] Processing ģ
15:48:18  INFO        No 2-min SPOC data found for TIC 424989134.
15:48:19  INFO      [TIC 468190621] Processing ģ
15:48:25  INFO        No 2-min SPOC data found for TIC 468190621.
15:48:26  INFO      [TIC 274226424] Processing ģ
15:48:36  INFO        No 2-min SPOC data found for TIC 274226424.
15:48:37  INFO      [TIC 468148897] Processing ģ
15:48:44  INFO        No 2-min SPOC data found for TIC 468148897.
15:48:45  INFO      [TIC 327856538] Processing ģ
15:48:53  INFO        No 2-min SPOC data found for TIC 327856538.
15:48:54  INFO      [TIC 451606572] Processing ģ
15:49:10  INFO        No 2-min SPOC data found for TIC 451606572.
15:49:11  INFO      [TIC 274034166] Processing ģ
15:49:31  INFO        No 2-min SPOC data found for TIC 274034166.
15:49:32  INFO      [TIC 468182953] Processing ģ
15:49:34  INFO        Found 1 sector(s) for TIC 468182953. Downloading ģ
15:49:54  INFO      0% (31/16812) of the cadences will be ignored due to the quality mask (quality_bitmask=17087).
15:49:54  INFO        Saved 14982 cadences -> data\raw\lightcurves\TIC_468182953.csv
15:49:55  INFO      [TIC 468192563] Processing ģ
15:50:02  INFO        No 2-min SPOC data found for TIC 468192563.
15:50:03  INFO      [TIC 451558290] Processing ģ
15:50:09  INFO        No 2-min SPOC data found for TIC 451558290.
15:50:10  INFO      [TIC 394758096] Processing ģ
15:50:12  INFO        Found 2 sector(s) for TIC 394758096. Downloading ģ
15:50:21  INFO      3% (498/19373) of the cadences will be ignored due to the quality mask (quality_bitmask=17087).
15:50:40  INFO      2% (374/19811) of the cadences will be ignored due to the quality mask (quality_bitmask=17087).
15:50:40  INFO        Saved 33919 cadences -> data\raw\lightcurves\TIC_394758096.csv
15:50:41  INFO      [TIC 317351809] Processing ģ
15:50:42  INFO        Found 1 sector(s) for TIC 317351809. Downloading ģ
15:51:01  INFO      3% (500/19373) of the cadences will be ignored due to the quality mask (quality_bitmask=17087).
15:51:01  INFO        Saved 14609 cadences -> data\raw\lightcurves\TIC_317351809.csv
15:51:02  INFO      [TIC 369936058] Processing ģ
15:51:21  INFO        No 2-min SPOC data found for TIC 369936058.
15:51:22  INFO      [TIC 424996784] Processing ģ
15:51:30  INFO        No 2-min SPOC data found for TIC 424996784.
15:51:31  INFO      [TIC 257342510] Processing ģ
15:51:32  INFO        Found 2 sector(s) for TIC 257342510. Downloading ģ
15:51:54  INFO      0% (32/16812) of the cadences will be ignored due to the quality mask (quality_bitmask=17087).
15:52:04  INFO      0% (71/19407) of the cadences will be ignored due to the quality mask (quality_bitmask=17087).
15:52:04  INFO        Saved 34274 cadences -> data\raw\lightcurves\TIC_257342510.csv
15:52:05  INFO      [TIC 362068387] Processing ģ
15:52:25  INFO        No 2-min SPOC data found for TIC 362068387.
15:52:26  INFO      [TIC 317351815] Processing ģ
15:52:38  INFO        No 2-min SPOC data found for TIC 317351815.
15:52:39  INFO      [TIC 318273916] Processing ģ
15:52:40  INFO        Found 2 sector(s) for TIC 318273916. Downloading ģ
15:53:05  INFO      0% (33/16812) of the cadences will be ignored due to the quality mask (quality_bitmask=17087).
15:53:29  INFO      0% (71/19407) of the cadences will be ignored due to the quality mask (quality_bitmask=17087).
15:53:29  INFO        Saved 34373 cadences -> data\raw\lightcurves\TIC_318273916.csv
15:53:30  INFO      [TIC 468190615] Processing ģ
15:53:32  INFO        Found 2 sector(s) for TIC 468190615. Downloading ģ
15:53:53  INFO      3% (499/19373) of the cadences will be ignored due to the quality mask (quality_bitmask=17087).
15:54:11  INFO      0% (31/16812) of the cadences will be ignored due to the quality mask (quality_bitmask=17087).
15:54:11  INFO        Saved 29580 cadences -> data\raw\lightcurves\TIC_468190615.csv
15:54:12  INFO      [TIC 451560638] Processing ģ
15:54:14  INFO        Found 1 sector(s) for TIC 451560638. Downloading ģ
15:54:37  INFO      2% (374/19811) of the cadences will be ignored due to the quality mask (quality_bitmask=17087).
15:54:37  INFO        Saved 19437 cadences -> data\raw\lightcurves\TIC_451560638.csv
15:54:38  INFO      [TIC 321154325] Processing ģ
15:54:49  INFO        No 2-min SPOC data found for TIC 321154325.
15:54:50  INFO      [TIC 257342621] Processing ģ
15:54:59  INFO        No 2-min SPOC data found for TIC 257342621.
15:55:00  INFO      [TIC 327831756] Processing ģ
15:55:11  INFO        No 2-min SPOC data found for TIC 327831756.
15:55:12  INFO      [TIC 270277246] Processing ģ
15:55:55  WARNING   MAST search failed for TIC 270277246: ('Connection aborted.', RemoteDisconnected('Remote end closed connection without response'))
15:55:56  INFO      [TIC 257772292] Processing ģ
15:55:56  WARNING   MAST search failed for TIC 257772292: HTTPSConnectionPool(host='mast.stsci.edu', port=443): Max retries exceeded with url: /api/v0/invoke (Caused by NameResolutionError("HTTPSConnection(host='mast.stsci.edu', port=443): Failed to resolve 'mast.stsci.edu' ([Errno 11001] getaddrinfo failed)"))
15:55:57  INFO      [TIC 468184882] Processing ģ
15:55:57  WARNING   MAST search failed for TIC 468184882: HTTPSConnectionPool(host='mast.stsci.edu', port=443): Max retries exceeded with url: /api/v0/invoke (Caused by NameResolutionError("HTTPSConnection(host='mast.stsci.edu', port=443): Failed to resolve 'mast.stsci.edu' ([Errno 11001] getaddrinfo failed)"))
15:55:58  INFO      [TIC 468179086] Processing ģ
15:55:58  WARNING   MAST search failed for TIC 468179086: HTTPSConnectionPool(host='mast.stsci.edu', port=443): Max retries exceeded with url: /api/v0/invoke (Caused by NameResolutionError("HTTPSConnection(host='mast.stsci.edu', port=443): Failed to resolve 'mast.stsci.edu' ([Errno 11001] getaddrinfo failed)"))
15:55:59  INFO      [TIC 362083806] Processing ģ
15:55:59  WARNING   MAST search failed for TIC 362083806: HTTPSConnectionPool(host='mast.stsci.edu', port=443): Max retries exceeded with url: /api/v0/invoke (Caused by NameResolutionError("HTTPSConnection(host='mast.stsci.edu', port=443): Failed to resolve 'mast.stsci.edu' ([Errno 11001] getaddrinfo failed)"))
15:57:39  INFO      [TIC 362124742] Processing ģ
15:57:39  WARNING   MAST search failed for TIC 362124742: HTTPSConnectionPool(host='mast.stsci.edu', port=443): Max retries exceeded with url: /api/v0/invoke (Caused by NameResolutionError("HTTPSConnection(host='mast.stsci.edu', port=443): Failed to resolve 'mast.stsci.edu' ([Errno 11001] getaddrinfo failed)"))
15:57:40  INFO      [TIC 267118794] Processing ģ
15:57:40  WARNING   MAST search failed for TIC 267118794: HTTPSConnectionPool(host='mast.stsci.edu', port=443): Max retries exceeded with url: /api/v0/invoke (Caused by NameResolutionError("HTTPSConnection(host='mast.stsci.edu', port=443): Failed to resolve 'mast.stsci.edu' ([Errno 11001] getaddrinfo failed)"))
15:57:41  INFO      [TIC 257772030] Processing ģ
15:58:05  INFO        No 2-min SPOC data found for TIC 257772030.
15:58:06  INFO      [TIC 257738056] Processing ģ
15:58:37  INFO        No 2-min SPOC data found for TIC 257738056.
15:58:38  INFO      [TIC 317246315] Processing ģ
15:58:56  INFO        No 2-min SPOC data found for TIC 317246315.
15:58:57  INFO      [TIC 410354774] Processing ģ
15:59:16  INFO        No 2-min SPOC data found for TIC 410354774.
15:59:17  INFO      [TIC 451606547] Processing ģ
15:59:18  INFO        Found 1 sector(s) for TIC 451606547. Downloading ģ
15:59:43  INFO      0% (32/16812) of the cadences will be ignored due to the quality mask (quality_bitmask=17087).
15:59:43  INFO        Saved 15063 cadences -> data\raw\lightcurves\TIC_451606547.csv
15:59:44  INFO      [TIC 318650094] Processing ģ
15:59:57  INFO        No 2-min SPOC data found for TIC 318650094.
15:59:58  INFO      [TIC 468182976] Processing ģ
16:00:11  INFO        No 2-min SPOC data found for TIC 468182976.
16:00:12  INFO      [TIC 325527349] Processing ģ
16:01:01  INFO        No 2-min SPOC data found for TIC 325527349.
16:01:02  INFO      [TIC 401819516] Processing ģ
16:01:08  INFO        No 2-min SPOC data found for TIC 401819516.
16:01:09  INFO      [TIC 468184847] Processing ģ
16:01:26  INFO        No 2-min SPOC data found for TIC 468184847.
16:01:27  INFO      [TIC 410366034] Processing ģ
16:02:09  INFO        No 2-min SPOC data found for TIC 410366034.
16:02:10  INFO      [TIC 468186783] Processing ģ
16:02:12  INFO        Found 2 sector(s) for TIC 468186783. Downloading ģ
16:02:31  INFO      0% (32/16812) of the cadences will be ignored due to the quality mask (quality_bitmask=17087).
16:02:53  INFO      0% (74/19407) of the cadences will be ignored due to the quality mask (quality_bitmask=17087).
16:02:53  INFO        Saved 34361 cadences -> data\raw\lightcurves\TIC_468186783.csv
16:02:54  INFO      [TIC 405468906] Processing ģ
16:03:13  INFO        No 2-min SPOC data found for TIC 405468906.
16:03:14  INFO      [TIC 325527209] Processing ģ
16:03:29  INFO        No 2-min SPOC data found for TIC 325527209.
16:03:30  INFO      [TIC 274228015] Processing ģ
16:04:01  INFO        No 2-min SPOC data found for TIC 274228015.
16:04:02  INFO      [TIC 327830154] Processing ģ
16:04:07  INFO        No 2-min SPOC data found for TIC 327830154.
16:04:08  INFO      [TIC 468216911] Processing ģ
16:04:19  INFO        No 2-min SPOC data found for TIC 468216911.
16:04:20  INFO      [TIC 468153100] Processing ģ
16:04:25  INFO        No 2-min SPOC data found for TIC 468153100.
16:04:26  INFO      [TIC 257325405] Processing ģ
16:04:32  INFO        No 2-min SPOC data found for TIC 257325405.
16:04:33  INFO      [TIC 468153033] Processing ģ
16:04:40  INFO        No 2-min SPOC data found for TIC 468153033.
16:04:41  INFO      [TIC 257342607] Processing ģ
16:04:49  INFO        No 2-min SPOC data found for TIC 257342607.
16:04:50  INFO      [TIC 327830144] Processing ģ
16:04:56  INFO        No 2-min SPOC data found for TIC 327830144.
16:04:57  INFO      [TIC 468190655] Processing ģ
16:05:03  INFO        No 2-min SPOC data found for TIC 468190655.
16:05:04  INFO      [TIC 468155117] Processing ģ
16:05:13  INFO        No 2-min SPOC data found for TIC 468155117.
16:05:14  INFO      [TIC 318237299] Processing ģ
16:05:25  INFO        No 2-min SPOC data found for TIC 318237299.
16:05:26  INFO      [TIC 369368408] Processing ģ
16:05:37  INFO        No 2-min SPOC data found for TIC 369368408.
16:05:38  INFO      [TIC 394724028] Processing ģ
16:05:48  INFO        No 2-min SPOC data found for TIC 394724028.
16:05:49  INFO      [TIC 274226521] Processing ģ
16:06:16  INFO        No 2-min SPOC data found for TIC 274226521.
16:06:17  INFO      [TIC 410339800] Processing ģ
16:06:18  INFO        Found 2 sector(s) for TIC 410339800. Downloading ģ
16:06:23  INFO      0% (32/16812) of the cadences will be ignored due to the quality mask (quality_bitmask=17087).
16:06:28  INFO      0% (73/19407) of the cadences will be ignored due to the quality mask (quality_bitmask=17087).
16:06:28  INFO        Saved 34239 cadences -> data\raw\lightcurves\TIC_410339800.csv
16:06:29  INFO      [TIC 323433206] Processing ģ
16:06:45  INFO        No 2-min SPOC data found for TIC 323433206.
16:06:46  INFO      [TIC 402112266] Processing ģ
16:07:13  INFO        No 2-min SPOC data found for TIC 402112266.
16:07:14  INFO      [TIC 401796908] Processing ģ
16:07:24  INFO        No 2-min SPOC data found for TIC 401796908.
16:07:25  INFO      [TIC 365276524] Processing ģ
16:07:36  INFO        No 2-min SPOC data found for TIC 365276524.
16:07:37  INFO      [TIC 468149071] Processing ģ
16:07:49  INFO        No 2-min SPOC data found for TIC 468149071.
16:07:50  INFO      [TIC 362068372] Processing ģ
16:08:02  INFO        No 2-min SPOC data found for TIC 362068372.
16:08:03  INFO      [TIC 317184314] Processing ģ
16:08:14  INFO        No 2-min SPOC data found for TIC 317184314.
16:08:15  INFO      [TIC 451529871] Processing ģ
16:08:26  INFO        No 2-min SPOC data found for TIC 451529871.
16:08:27  INFO      [TIC 401778142] Processing ģ
16:08:36  INFO        No 2-min SPOC data found for TIC 401778142.
16:08:37  INFO      [TIC 405436677] Processing ģ
16:08:52  INFO        No 2-min SPOC data found for TIC 405436677.
16:08:53  INFO      [TIC 317383532] Processing ģ
16:09:20  INFO        No 2-min SPOC data found for TIC 317383532.
16:09:21  INFO      [TIC 257342694] Processing ģ
16:09:27  INFO        No 2-min SPOC data found for TIC 257342694.
16:09:28  INFO      [TIC 415972362] Processing ģ
16:09:35  INFO        No 2-min SPOC data found for TIC 415972362.
16:09:36  INFO      [TIC 451594415] Processing ģ
16:09:43  INFO        No 2-min SPOC data found for TIC 451594415.
16:09:44  INFO      [TIC 451534291] Processing ģ
16:09:53  INFO        No 2-min SPOC data found for TIC 451534291.
16:09:54  INFO      [TIC 401778172] Processing ģ
16:10:01  INFO        No 2-min SPOC data found for TIC 401778172.
16:10:02  INFO      [TIC 257342578] Processing ģ
16:10:10  INFO        No 2-min SPOC data found for TIC 257342578.
16:10:11  INFO      [TIC 257738215] Processing ģ
16:10:24  INFO        No 2-min SPOC data found for TIC 257738215.
16:10:25  INFO      [TIC 321154467] Processing ģ
16:10:35  INFO        No 2-min SPOC data found for TIC 321154467.
16:10:36  INFO      [TIC 257726790] Processing ģ
16:10:41  INFO        No 2-min SPOC data found for TIC 257726790.
16:10:42  INFO      [TIC 346793157] Processing ģ
16:10:48  INFO        No 2-min SPOC data found for TIC 346793157.
16:10:49  INFO      [TIC 419637774] Processing ģ
16:10:51  INFO        Found 2 sector(s) for TIC 419637774. Downloading ģ
16:11:09  INFO      0% (33/16812) of the cadences will be ignored due to the quality mask (quality_bitmask=17087).
16:11:27  INFO      0% (72/19407) of the cadences will be ignored due to the quality mask (quality_bitmask=17087).
16:11:28  INFO        Saved 34264 cadences -> data\raw\lightcurves\TIC_419637774.csv
16:11:29  INFO      [TIC 451606577] Processing ģ
16:11:38  INFO        No 2-min SPOC data found for TIC 451606577.
16:11:40  INFO      [TIC 468184832] Processing ģ
16:11:48  INFO        No 2-min SPOC data found for TIC 468184832.
16:11:49  INFO      [TIC 322272978] Processing ģ
16:12:04  INFO        No 2-min SPOC data found for TIC 322272978.
16:12:05  INFO      [TIC 410366124] Processing ģ
16:12:27  INFO        No 2-min SPOC data found for TIC 410366124.
16:12:28  INFO      [TIC 468190650] Processing ģ
16:12:37  INFO        No 2-min SPOC data found for TIC 468190650.
16:12:38  INFO      [TIC 410306700] Processing ģ
16:12:51  INFO      Running on all 862 target(s).
16:12:51  INFO      [TIC 468184895] Cache hit ¢ skipping.
16:12:51  INFO      [TIC 419666736] Cache hit ¢ skipping.
16:12:51  INFO      [TIC 290492819] Cache hit ¢ skipping.
16:12:51  INFO      [TIC 267194964] Cache hit ¢ skipping.
16:12:51  INFO      [TIC 269900924] Processing ģ
16:13:00  INFO        No 2-min SPOC data found for TIC 410306700.
16:13:01  INFO      [TIC 257772293] Processing ģ
16:13:05  INFO        No 2-min SPOC data found for TIC 269900924.
16:13:06  INFO      [TIC 394779282] Processing ģ
16:13:15  INFO        No 2-min SPOC data found for TIC 257772293.
16:13:16  INFO      [TIC 389003007] Processing ģ
16:13:28  INFO        No 2-min SPOC data found for TIC 389003007.
16:13:29  INFO      [TIC 321154358] Processing ģ
16:13:39  INFO        No 2-min SPOC data found for TIC 321154358.
16:13:40  INFO      [TIC 468159186] Processing ģ
16:13:46  INFO        No 2-min SPOC data found for TIC 468159186.
16:13:47  INFO      [TIC 290380640] Processing ģ
16:13:59  INFO        No 2-min SPOC data found for TIC 290380640.
16:14:00  INFO      [TIC 394724091] Processing ģ
16:14:26  INFO        No 2-min SPOC data found for TIC 394724091.
16:14:27  INFO      [TIC 257710723] Processing ģ
16:14:43  INFO        No 2-min SPOC data found for TIC 257710723.
16:14:44  INFO      [TIC 410418253] Processing ģ
16:15:16  INFO        No 2-min SPOC data found for TIC 410418253.
16:15:17  INFO      [TIC 369370458] Processing ģ
16:15:25  INFO        No 2-min SPOC data found for TIC 369370458.
16:15:26  INFO      [TIC 317184312] Processing ģ
16:15:48  INFO        No 2-min SPOC data found for TIC 317184312.
16:15:49  INFO      [TIC 405459466] Processing ģ
16:16:14  INFO        No 2-min SPOC data found for TIC 405459466.
16:16:15  INFO      [TIC 383745058] Processing ģ
16:16:24  INFO        No 2-min SPOC data found for TIC 383745058.
16:16:25  INFO      [TIC 383729454] Processing ģ
16:16:43  INFO        No 2-min SPOC data found for TIC 383729454.
16:16:44  INFO      [TIC 394732785] Processing ģ
16:16:57  INFO        No 2-min SPOC data found for TIC 394732785.
16:16:58  INFO      [TIC 401778105] Processing ģ
16:17:08  INFO        No 2-min SPOC data found for TIC 401778105.
16:17:09  INFO      [TIC 461737255] Processing ģ
16:17:19  INFO        No 2-min SPOC data found for TIC 461737255.
16:17:20  INFO      [TIC 369788389] Processing ģ
16:17:32  INFO        No 2-min SPOC data found for TIC 369788389.
16:17:33  INFO      [TIC 394758125] Processing ģ
16:17:46  INFO        No 2-min SPOC data found for TIC 394758125.
16:17:47  INFO      [TIC 394732835] Processing ģ
16:18:00  INFO        No 2-min SPOC data found for TIC 394732835.
16:18:01  INFO      [TIC 302994935] Processing ģ
16:18:15  INFO        No 2-min SPOC data found for TIC 302994935.
16:18:16  INFO      [TIC 322277648] Processing ģ
16:18:23  INFO        No 2-min SPOC data found for TIC 322277648.
16:18:24  INFO      [TIC 383294189] Processing ģ
16:18:31  INFO        No 2-min SPOC data found for TIC 383294189.
16:18:32  INFO      [TIC 362086045] Processing ģ
16:18:43  INFO        No 2-min SPOC data found for TIC 362086045.
16:18:44  INFO      [TIC 267168737] Processing ģ
16:19:03  INFO        No 2-min SPOC data found for TIC 267168737.
16:19:04  INFO      [TIC 451608578] Processing ģ
16:19:10  INFO        No 2-min SPOC data found for TIC 451608578.
16:19:11  INFO      [TIC 451558288] Processing ģ
16:19:20  INFO        No 2-min SPOC data found for TIC 451558288.
16:19:21  INFO      [TIC 369381040] Processing ģ
16:19:32  INFO        No 2-min SPOC data found for TIC 369381040.
16:19:33  INFO      [TIC 327831922] Processing ģ
16:19:42  INFO        No 2-min SPOC data found for TIC 327831922.
16:19:43  INFO      [TIC 257728466] Processing ģ
16:19:54  INFO        No 2-min SPOC data found for TIC 257728466.
16:19:55  INFO      [TIC 468192512] Processing ģ
16:20:05  INFO        No 2-min SPOC data found for TIC 468192512.
16:20:06  INFO      [TIC 401821341] Processing ģ
16:20:19  INFO        No 2-min SPOC data found for TIC 401821341.
16:20:20  INFO      [TIC 327831767] Processing ģ
16:20:28  INFO        No 2-min SPOC data found for TIC 327831767.
16:20:29  INFO      [TIC 468186664] Processing ģ
16:20:38  INFO        No 2-min SPOC data found for TIC 468186664.
16:20:39  INFO      [TIC 257642700] Processing ģ
16:20:51  INFO        No 2-min SPOC data found for TIC 257642700.
16:20:52  INFO      [TIC 321154314] Processing ģ
16:20:58  INFO        No 2-min SPOC data found for TIC 321154314.
16:20:59  INFO      [TIC 369370505] Processing ģ
16:21:08  INFO        No 2-min SPOC data found for TIC 369370505.
16:21:09  INFO      [TIC 318612610] Processing ģ
16:21:18  INFO        No 2-min SPOC data found for TIC 318612610.
16:21:19  INFO      [TIC 468186714] Processing ģ
16:21:27  INFO        No 2-min SPOC data found for TIC 468186714.
16:21:28  INFO      [TIC 394780724] Processing ģ
16:21:43  INFO        No 2-min SPOC data found for TIC 394780724.
16:21:44  INFO      [TIC 267167071] Processing ģ
16:22:19  INFO        No 2-min SPOC data found for TIC 267167071.
16:22:20  INFO      [TIC 369378810] Processing ģ
16:22:28  INFO        No 2-min SPOC data found for TIC 369378810.
16:22:29  INFO      [TIC 451569305] Processing ģ
16:22:40  INFO        No 2-min SPOC data found for TIC 451569305.
16:22:41  INFO      [TIC 318651916] Processing ģ
16:22:53  INFO        No 2-min SPOC data found for TIC 318651916.
16:22:54  INFO      [TIC 257387935] Processing ģ
16:23:03  INFO        No 2-min SPOC data found for TIC 257387935.
16:23:04  INFO      [TIC 419666680] Processing ģ
16:23:12  INFO        No 2-min SPOC data found for TIC 419666680.
16:23:13  INFO      [TIC 257340807] Processing ģ
16:23:20  INFO        No 2-min SPOC data found for TIC 257340807.
16:23:21  INFO      [TIC 410404775] Processing ģ
16:23:43  INFO        No 2-min SPOC data found for TIC 410404775.
16:23:44  INFO      [TIC 451573671] Processing ģ
16:23:52  INFO        No 2-min SPOC data found for TIC 451573671.
16:23:53  INFO      [TIC 318614561] Processing ģ
16:23:59  INFO        No 2-min SPOC data found for TIC 318614561.
16:24:00  INFO      [TIC 410404735] Processing ģ
16:24:16  INFO        No 2-min SPOC data found for TIC 410404735.
16:24:17  INFO      [TIC 327853212] Processing ģ
16:24:31  INFO        No 2-min SPOC data found for TIC 327853212.
16:24:32  INFO      [TIC 401835509] Processing ģ
16:24:45  INFO        No 2-min SPOC data found for TIC 401835509.
16:24:46  INFO      [TIC 257738285] Processing ģ
16:24:59  INFO        No 2-min SPOC data found for TIC 257738285.
16:25:00  INFO      [TIC 318650330] Processing ģ
16:25:07  INFO        No 2-min SPOC data found for TIC 318650330.
16:25:08  INFO      [TIC 468150887] Processing ģ
16:25:16  INFO        No 2-min SPOC data found for TIC 468150887.
16:25:17  INFO      [TIC 321154171] Processing ģ
16:25:27  INFO        No 2-min SPOC data found for TIC 321154171.
16:25:28  INFO      [TIC 401776337] Processing ģ
16:25:37  INFO        No 2-min SPOC data found for TIC 401776337.
16:25:38  INFO      [TIC 257728343] Processing ģ
16:25:45  INFO        No 2-min SPOC data found for TIC 257728343.
16:25:46  INFO      [TIC 325638018] Processing ģ
16:25:58  INFO        No 2-min SPOC data found for TIC 325638018.
16:25:59  INFO      [TIC 383266832] Processing ģ
16:26:12  INFO        No 2-min SPOC data found for TIC 383266832.
16:26:13  INFO      [TIC 424996737] Processing ģ
16:26:20  INFO        No 2-min SPOC data found for TIC 424996737.
16:26:21  INFO      [TIC 318300623] Processing ģ
16:26:28  INFO        No 2-min SPOC data found for TIC 318300623.
16:26:29  INFO      [TIC 401795253] Processing ģ
16:26:35  INFO        No 2-min SPOC data found for TIC 401795253.
16:26:36  INFO      [TIC 468192637] Processing ģ
16:26:53  INFO        No 2-min SPOC data found for TIC 468192637.
16:26:54  INFO      [TIC 468153063] Processing ģ
16:27:02  INFO        No 2-min SPOC data found for TIC 468153063.
16:27:03  INFO      [TIC 270277241] Processing ģ
16:27:24  INFO        No 2-min SPOC data found for TIC 270277241.
16:27:25  INFO      [TIC 410364110] Processing ģ
16:27:39  INFO        No 2-min SPOC data found for TIC 410364110.
16:27:40  INFO      [TIC 410366045] Processing ģ
16:27:53  INFO        No 2-min SPOC data found for TIC 410366045.
16:27:54  INFO      [TIC 327852972] Processing ģ
16:28:01  INFO        No 2-min SPOC data found for TIC 327852972.
16:28:02  INFO      [TIC 322306930] Processing ģ
16:28:14  INFO        No 2-min SPOC data found for TIC 322306930.
16:28:15  INFO      [TIC 346793182] Processing ģ
16:28:26  INFO        No 2-min SPOC data found for TIC 346793182.
16:28:27  INFO      [TIC 322277653] Processing ģ
16:28:41  INFO        No 2-min SPOC data found for TIC 322277653.
16:28:42  INFO      [TIC 419666725] Processing ģ
16:28:50  INFO        No 2-min SPOC data found for TIC 419666725.
16:28:51  INFO      [TIC 279799032] Processing ģ
16:29:09  INFO        No 2-min SPOC data found for TIC 279799032.
16:29:10  INFO      [TIC 322306883] Processing ģ
16:29:18  INFO        No 2-min SPOC data found for TIC 322306883.
16:29:19  INFO      [TIC 405457855] Processing ģ
16:29:53  INFO        No 2-min SPOC data found for TIC 405457855.
16:29:54  INFO      [TIC 257728361] Processing ģ
16:30:01  INFO        No 2-min SPOC data found for TIC 257728361.
16:30:02  INFO      [TIC 394779311] Processing ģ
16:30:16  INFO        No 2-min SPOC data found for TIC 394779311.
16:30:17  INFO      [TIC 405459430] Processing ģ
16:30:18  INFO        Found 1 sector(s) for TIC 405459430. Downloading ģ
16:30:40  INFO      2% (374/19811) of the cadences will be ignored due to the quality mask (quality_bitmask=17087).
16:30:40  INFO        Saved 19375 cadences -> data\raw\lightcurves\TIC_405459430.csv
16:30:41  INFO      [TIC 290457860] Processing ģ
16:30:53  INFO        No 2-min SPOC data found for TIC 290457860.
16:30:54  INFO      [TIC 410356814] Processing ģ
16:31:13  INFO        No 2-min SPOC data found for TIC 410356814.
16:31:14  INFO      [TIC 404874594] Processing ģ
16:31:30  INFO        No 2-min SPOC data found for TIC 404874594.
16:31:31  INFO      [TIC 419666766] Processing ģ
16:31:43  INFO        No 2-min SPOC data found for TIC 419666766.
16:31:44  INFO      [TIC 424996669] Processing ģ
16:31:50  INFO        No 2-min SPOC data found for TIC 424996669.
16:31:51  INFO      [TIC 369785921] Processing ģ
16:32:14  INFO        No 2-min SPOC data found for TIC 369785921.
16:32:15  INFO      [TIC 401797198] Processing ģ
16:32:23  INFO        No 2-min SPOC data found for TIC 401797198.
16:32:24  INFO      [TIC 325561182] Processing ģ
16:32:44  INFO        No 2-min SPOC data found for TIC 325561182.
16:32:45  INFO      [TIC 290288274] Processing ģ
16:32:59  INFO        No 2-min SPOC data found for TIC 290288274.
16:33:00  INFO      [TIC 410406710] Processing ģ
16:33:25  INFO        No 2-min SPOC data found for TIC 410406710.
16:33:26  INFO      [TIC 346793187] Processing ģ
16:34:20  WARNING   MAST search failed for TIC 346793187: ('Connection aborted.', ConnectionResetError(10054, 'An existing connection was forcibly closed by the remote host', None, 10054, None))
16:34:21  INFO      [TIC 317326482] Processing ģ
16:34:38  INFO        No 2-min SPOC data found for TIC 317326482.
16:34:39  INFO      [TIC 274228180] Processing ģ
16:34:59  INFO        No 2-min SPOC data found for TIC 274228180.
16:35:00  INFO      [TIC 405457865] Processing ģ
16:35:20  INFO        No 2-min SPOC data found for TIC 405457865.
16:35:21  INFO      [TIC 257774077] Processing ģ
16:35:35  INFO        No 2-min SPOC data found for TIC 257774077.
16:35:36  INFO      [TIC 346793155] Processing ģ
16:35:51  INFO        No 2-min SPOC data found for TIC 346793155.
16:35:52  INFO      [TIC 323431661] Processing ģ
16:36:20  INFO        No 2-min SPOC data found for TIC 323431661.
16:36:21  INFO      [TIC 394734378] Processing ģ
16:36:40  INFO        No 2-min SPOC data found for TIC 394734378.
16:36:41  INFO      [TIC 405476861] Processing ģ
16:36:55  INFO        No 2-min SPOC data found for TIC 405476861.
16:36:56  INFO      [TIC 274228113] Processing ģ
16:37:18  INFO        No 2-min SPOC data found for TIC 274228113.
16:37:19  INFO      [TIC 274226456] Processing ģ
16:37:35  INFO        No 2-min SPOC data found for TIC 274226456.
16:37:36  INFO      [TIC 317297018] Processing ģ
16:37:58  INFO        No 2-min SPOC data found for TIC 317297018.
16:37:59  INFO      [TIC 468218624] Processing ģ
16:38:11  INFO        No 2-min SPOC data found for TIC 468218624.
16:38:12  INFO      [TIC 327830224] Processing ģ
16:38:30  INFO        No 2-min SPOC data found for TIC 327830224.
16:38:31  INFO      [TIC 410354796] Processing ģ
16:38:57  INFO        No 2-min SPOC data found for TIC 410354796.
16:38:58  INFO      [TIC 257726774] Processing ģ
16:39:06  INFO        No 2-min SPOC data found for TIC 257726774.
16:39:07  INFO      [TIC 451602586] Processing ģ
16:39:22  INFO        No 2-min SPOC data found for TIC 451602586.
16:39:23  INFO      [TIC 468186736] Processing ģ
16:39:31  INFO        No 2-min SPOC data found for TIC 468186736.
16:39:32  INFO      [TIC 290604506] Processing ģ
16:39:42  INFO        No 2-min SPOC data found for TIC 290604506.
16:39:43  INFO      [TIC 451602585] Processing ģ
16:39:51  INFO        No 2-min SPOC data found for TIC 451602585.
16:39:52  INFO      [TIC 369788406] Processing ģ
16:40:07  INFO        No 2-min SPOC data found for TIC 369788406.
16:40:08  INFO      [TIC 415972557] Processing ģ
16:40:20  INFO        No 2-min SPOC data found for TIC 415972557.
16:40:21  INFO      [TIC 394756484] Processing ģ
16:40:46  INFO        No 2-min SPOC data found for TIC 394756484.
16:40:47  INFO      [TIC 451604627] Processing ģ
16:40:58  INFO        No 2-min SPOC data found for TIC 451604627.
16:40:59  INFO      [TIC 410315929] Processing ģ
16:41:12  INFO        No 2-min SPOC data found for TIC 410315929.
16:41:13  INFO      [TIC 318300261] Processing ģ
16:41:31  INFO        No 2-min SPOC data found for TIC 318300261.
16:41:32  INFO      [TIC 290409054] Processing ģ
16:41:40  INFO        No 2-min SPOC data found for TIC 290409054.
16:41:41  INFO      [TIC 405457663] Processing ģ
16:42:05  INFO        No 2-min SPOC data found for TIC 405457663.
16:42:07  INFO      [TIC 274034283] Processing ģ
16:42:27  INFO        No 2-min SPOC data found for TIC 274034283.
16:42:28  INFO      [TIC 394723988] Processing ģ
16:42:44  INFO        No 2-min SPOC data found for TIC 394723988.
16:42:45  INFO      [TIC 410418305] Processing ģ
16:43:07  INFO        No 2-min SPOC data found for TIC 410418305.
16:43:08  INFO      [TIC 471012703] Processing ģ
16:43:30  INFO        No 2-min SPOC data found for TIC 471012703.
16:43:31  INFO      [TIC 257325267] Processing ģ
16:43:39  INFO        No 2-min SPOC data found for TIC 257325267.
16:43:40  INFO      [TIC 394722499] Processing ģ
16:44:07  INFO        No 2-min SPOC data found for TIC 394722499.
16:44:08  INFO      [TIC 317303029] Processing ģ
16:44:27  INFO        No 2-min SPOC data found for TIC 317303029.
16:44:28  INFO      [TIC 394756559] Processing ģ
16:44:39  INFO        No 2-min SPOC data found for TIC 394756559.
16:44:40  INFO      [TIC 451534273] Processing ģ
16:44:59  INFO        No 2-min SPOC data found for TIC 451534273.
16:45:00  INFO      [TIC 415972682] Processing ģ
16:45:15  INFO        No 2-min SPOC data found for TIC 415972682.
16:45:16  INFO      [TIC 323442317] Processing ģ
16:45:45  INFO        No 2-min SPOC data found for TIC 323442317.
16:45:46  INFO      [TIC 451608523] Processing ģ
16:46:02  INFO        No 2-min SPOC data found for TIC 451608523.
16:46:03  INFO      [TIC 325561296] Processing ģ
16:46:50  INFO        No 2-min SPOC data found for TIC 325561296.
16:46:51  INFO      [TIC 468148859] Processing ģ
16:47:05  INFO        No 2-min SPOC data found for TIC 468148859.
16:47:06  INFO      [TIC 346793152] Processing ģ
16:47:15  INFO        No 2-min SPOC data found for TIC 346793152.
16:47:16  INFO      [TIC 410317952] Processing ģ
16:47:53  INFO        No 2-min SPOC data found for TIC 410317952.
16:47:54  INFO      [TIC 394779339] Processing ģ
16:48:09  INFO        No 2-min SPOC data found for TIC 394779339.
16:48:10  INFO      [TIC 327856669] Processing ģ
16:48:21  INFO        No 2-min SPOC data found for TIC 327856669.
16:48:22  INFO      [TIC 394734494] Processing ģ
16:48:52  INFO        No 2-min SPOC data found for TIC 394734494.
16:48:53  INFO      [TIC 468179179] Processing ģ
16:49:04  INFO        No 2-min SPOC data found for TIC 468179179.
16:49:05  INFO      [TIC 394723951] Processing ģ
16:49:36  INFO        No 2-min SPOC data found for TIC 394723951.
16:49:37  INFO      [TIC 321154250] Processing ģ
16:49:52  INFO        No 2-min SPOC data found for TIC 321154250.
16:49:53  INFO      [TIC 451527536] Processing ģ
16:50:07  INFO        No 2-min SPOC data found for TIC 451527536.
16:50:08  INFO      [TIC 318652127] Processing ģ
16:50:14  INFO        No 2-min SPOC data found for TIC 318652127.
16:50:15  INFO      [TIC 257325403] Processing ģ
16:50:25  INFO        No 2-min SPOC data found for TIC 257325403.
16:50:26  INFO      [TIC 325561398] Processing ģ
16:50:43  INFO        No 2-min SPOC data found for TIC 325561398.
16:50:44  INFO      [TIC 451598448] Processing ģ
16:50:57  INFO        No 2-min SPOC data found for TIC 451598448.
16:50:58  INFO      [TIC 468176954] Processing ģ
16:51:12  INFO        No 2-min SPOC data found for TIC 468176954.
16:51:13  INFO      [TIC 410356808] Processing ģ
16:51:51  INFO        No 2-min SPOC data found for TIC 410356808.
16:51:52  INFO      [TIC 468218516] Processing ģ
16:52:04  INFO        No 2-min SPOC data found for TIC 468218516.
16:52:06  INFO      [TIC 451532136] Processing ģ
16:52:17  INFO        No 2-min SPOC data found for TIC 451532136.
16:52:18  INFO      [TIC 406348726] Processing ģ
16:52:30  INFO        No 2-min SPOC data found for TIC 406348726.
16:52:31  INFO      [TIC 383220892] Processing ģ
16:52:45  INFO        No 2-min SPOC data found for TIC 383220892.
16:52:46  INFO      [TIC 257342604] Processing ģ
16:53:00  INFO        No 2-min SPOC data found for TIC 257342604.
16:53:01  INFO      [TIC 327854987] Processing ģ
16:53:13  INFO        No 2-min SPOC data found for TIC 327854987.
16:53:14  INFO      [TIC 290550998] Processing ģ
16:53:24  INFO        No 2-min SPOC data found for TIC 290550998.
16:53:25  INFO      [TIC 327829882] Processing ģ
16:53:35  INFO        No 2-min SPOC data found for TIC 327829882.
16:53:36  INFO      [TIC 274227996] Processing ģ
16:53:51  INFO        No 2-min SPOC data found for TIC 274227996.
16:53:52  INFO      [TIC 402112317] Processing ģ
16:54:12  INFO        No 2-min SPOC data found for TIC 402112317.
16:54:13  INFO      [TIC 346793195] Processing ģ
16:54:23  INFO        No 2-min SPOC data found for TIC 346793195.
16:54:24  INFO      [TIC 468218648] Processing ģ
16:54:33  INFO        No 2-min SPOC data found for TIC 468218648.
16:54:34  INFO      [TIC 468218611] Processing ģ
16:54:42  INFO        No 2-min SPOC data found for TIC 468218611.
16:54:43  INFO      [TIC 468216715] Processing ģ
16:54:52  INFO        No 2-min SPOC data found for TIC 468216715.
16:54:53  INFO      [TIC 327856545] Processing ģ
16:55:01  INFO        No 2-min SPOC data found for TIC 327856545.
16:55:02  INFO      [TIC 405465765] Processing ģ
16:55:15  INFO        No 2-min SPOC data found for TIC 405465765.
16:55:16  INFO      [TIC 415972681] Processing ģ
16:55:24  INFO        No 2-min SPOC data found for TIC 415972681.
16:55:25  INFO      [TIC 468184902] Processing ģ
16:55:38  INFO        No 2-min SPOC data found for TIC 468184902.
16:55:39  INFO      [TIC 451598465] Processing ģ
16:55:44  INFO        Found 1 sector(s) for TIC 451598465. Downloading ģ
16:56:03  INFO      0% (34/16812) of the cadences will be ignored due to the quality mask (quality_bitmask=17087).
16:56:03  INFO        Saved 15030 cadences -> data\raw\lightcurves\TIC_451598465.csv
16:56:04  INFO      [TIC 389013376] Processing ģ
16:56:30  INFO        No 2-min SPOC data found for TIC 389013376.
16:56:31  INFO      [TIC 325606221] Processing ģ
16:56:49  INFO        No 2-min SPOC data found for TIC 325606221.
16:56:50  INFO      [TIC 325565957] Processing ģ
16:57:13  INFO        No 2-min SPOC data found for TIC 325565957.
16:57:14  INFO      [TIC 327854887] Processing ģ
16:57:26  INFO        No 2-min SPOC data found for TIC 327854887.
16:57:27  INFO      [TIC 397231404] Processing ģ
16:57:41  INFO        No 2-min SPOC data found for TIC 397231404.
16:57:42  INFO      [TIC 290604489] Processing ģ
16:57:52  INFO        No 2-min SPOC data found for TIC 290604489.
16:57:53  INFO      [TIC 369380903] Processing ģ
16:58:11  INFO        No 2-min SPOC data found for TIC 369380903.
16:58:12  INFO      [TIC 468194309] Processing ģ
16:58:26  INFO        No 2-min SPOC data found for TIC 468194309.
16:58:27  INFO      [TIC 383715645] Processing ģ
16:58:45  INFO        No 2-min SPOC data found for TIC 383715645.
16:58:46  INFO      [TIC 394731361] Processing ģ
16:59:08  INFO        No 2-min SPOC data found for TIC 394731361.
16:59:09  INFO      [TIC 410272754] Processing ģ
16:59:29  INFO        No 2-min SPOC data found for TIC 410272754.
16:59:30  INFO      [TIC 405457775] Processing ģ
16:59:50  INFO        No 2-min SPOC data found for TIC 405457775.
16:59:51  INFO      [TIC 318614621] Processing ģ
17:00:03  INFO        No 2-min SPOC data found for TIC 318614621.
17:00:04  INFO      [TIC 451604639] Processing ģ
17:00:19  INFO        No 2-min SPOC data found for TIC 451604639.
17:00:20  INFO      [TIC 270285914] Processing ģ
17:00:35  INFO        No 2-min SPOC data found for TIC 270285914.
17:00:36  INFO      [TIC 468159341] Processing ģ
17:00:49  INFO        No 2-min SPOC data found for TIC 468159341.
17:00:50  INFO      [TIC 451573672] Processing ģ
17:01:05  INFO        No 2-min SPOC data found for TIC 451573672.
17:01:06  INFO      [TIC 468159333] Processing ģ
17:01:17  INFO        No 2-min SPOC data found for TIC 468159333.
17:01:18  INFO      [TIC 321154379] Processing ģ
17:01:28  INFO        No 2-min SPOC data found for TIC 321154379.
17:01:29  INFO      [TIC 318651930] Processing ģ
17:01:44  INFO        No 2-min SPOC data found for TIC 318651930.
17:01:45  INFO      [TIC 383294176] Processing ģ
17:01:56  INFO        No 2-min SPOC data found for TIC 383294176.
17:01:57  INFO      [TIC 461741297] Processing ģ
17:02:18  INFO        No 2-min SPOC data found for TIC 461741297.
17:02:19  INFO      [TIC 468192601] Processing ģ
17:02:31  INFO        No 2-min SPOC data found for TIC 468192601.
17:02:32  INFO      [TIC 257388054] Processing ģ
17:02:44  INFO        No 2-min SPOC data found for TIC 257388054.
17:02:45  INFO      [TIC 274081955] Processing ģ
17:02:58  INFO        No 2-min SPOC data found for TIC 274081955.
17:02:59  INFO      [TIC 404709022] Processing ģ
17:03:29  INFO        No 2-min SPOC data found for TIC 404709022.
17:03:30  INFO      [TIC 405478625] Processing ģ
17:03:51  INFO        No 2-min SPOC data found for TIC 405478625.
17:03:52  INFO      [TIC 257710579] Processing ģ
17:04:18  INFO        No 2-min SPOC data found for TIC 257710579.
17:04:19  INFO      [TIC 270285897] Processing ģ
17:04:27  INFO        No 2-min SPOC data found for TIC 270285897.
17:04:28  INFO      [TIC 468155080] Processing ģ
17:04:39  INFO        No 2-min SPOC data found for TIC 468155080.
17:04:40  INFO      [TIC 383745050] Processing ģ
17:04:50  INFO        No 2-min SPOC data found for TIC 383745050.
17:04:51  INFO      [TIC 317337335] Processing ģ
17:05:10  INFO        No 2-min SPOC data found for TIC 317337335.
17:05:11  INFO      [TIC 394779231] Processing ģ
17:05:25  INFO        No 2-min SPOC data found for TIC 394779231.
17:05:26  INFO      [TIC 317184305] Processing ģ
17:05:40  INFO        No 2-min SPOC data found for TIC 317184305.
17:05:41  INFO      [TIC 325606280] Processing ģ
17:06:02  INFO        No 2-min SPOC data found for TIC 325606280.
17:06:03  INFO      [TIC 327856643] Processing ģ
17:06:13  INFO        No 2-min SPOC data found for TIC 327856643.
17:06:14  INFO      [TIC 257710666] Processing ģ
17:06:40  INFO        No 2-min SPOC data found for TIC 257710666.
17:06:41  INFO      [TIC 401797153] Processing ģ
17:06:55  INFO        No 2-min SPOC data found for TIC 401797153.
17:06:56  INFO      [TIC 270278807] Processing ģ
17:07:19  INFO        No 2-min SPOC data found for TIC 270278807.
17:07:20  INFO      [TIC 405251649] Processing ģ
17:07:47  INFO        No 2-min SPOC data found for TIC 405251649.
17:07:48  INFO      [TIC 424996711] Processing ģ
17:07:57  INFO        No 2-min SPOC data found for TIC 424996711.
17:07:58  INFO      [TIC 362083837] Processing ģ
17:08:14  INFO        No 2-min SPOC data found for TIC 362083837.
17:08:15  INFO      [TIC 257728404] Processing ģ
17:08:25  INFO        No 2-min SPOC data found for TIC 257728404.
17:08:26  INFO      [TIC 325565881] Processing ģ
17:08:51  INFO        No 2-min SPOC data found for TIC 325565881.
17:08:52  INFO      [TIC 274034261] Processing ģ
17:09:08  INFO        No 2-min SPOC data found for TIC 274034261.
17:09:09  INFO      [TIC 401795119] Processing ģ
17:09:19  INFO        No 2-min SPOC data found for TIC 401795119.
17:09:20  INFO      [TIC 468216942] Processing ģ
17:09:29  INFO        No 2-min SPOC data found for TIC 468216942.
17:09:30  INFO      [TIC 274035816] Processing ģ
17:09:44  INFO        No 2-min SPOC data found for TIC 274035816.
17:09:45  INFO      [TIC 267167044] Processing ģ
17:10:04  INFO        No 2-min SPOC data found for TIC 267167044.
17:10:05  INFO      [TIC 405436486] Processing ģ
17:10:19  INFO        No 2-min SPOC data found for TIC 405436486.
17:10:20  INFO      [TIC 410406662] Processing ģ
17:10:34  INFO        No 2-min SPOC data found for TIC 410406662.
17:10:35  INFO      [TIC 383745041] Processing ģ
17:10:47  INFO        No 2-min SPOC data found for TIC 383745041.
17:10:48  INFO      [TIC 404709024] Processing ģ
17:11:13  INFO        No 2-min SPOC data found for TIC 404709024.
17:11:14  INFO      [TIC 317154917] Processing ģ
17:11:27  INFO        No 2-min SPOC data found for TIC 317154917.
17:11:28  INFO      [TIC 410272810] Processing ģ
17:11:42  INFO        No 2-min SPOC data found for TIC 410272810.
17:11:43  INFO      [TIC 451598417] Processing ģ
17:11:54  INFO        No 2-min SPOC data found for TIC 451598417.
17:11:55  INFO      [TIC 257325397] Processing ģ
17:12:05  INFO        No 2-min SPOC data found for TIC 257325397.
17:12:06  INFO      [TIC 318614639] Processing ģ
17:12:16  INFO        No 2-min SPOC data found for TIC 318614639.
17:12:17  INFO      [TIC 410339802] Processing ģ
17:12:34  INFO        No 2-min SPOC data found for TIC 410339802.
17:12:35  INFO      [TIC 461739102] Processing ģ
17:12:49  INFO        No 2-min SPOC data found for TIC 461739102.
17:12:50  INFO      [TIC 317246332] Processing ģ
17:13:03  INFO        No 2-min SPOC data found for TIC 317246332.
17:13:04  INFO      [TIC 257710599] Processing ģ
17:13:19  INFO        No 2-min SPOC data found for TIC 257710599.
17:13:20  INFO      [TIC 401777982] Processing ģ
17:13:34  INFO        No 2-min SPOC data found for TIC 401777982.
17:13:35  INFO      [TIC 401795219] Processing ģ
17:13:48  INFO        No 2-min SPOC data found for TIC 401795219.
17:13:49  INFO      [TIC 290356549] Processing ģ
17:14:03  INFO        No 2-min SPOC data found for TIC 290356549.
17:14:04  INFO      [TIC 401797162] Processing ģ
17:14:16  INFO        No 2-min SPOC data found for TIC 401797162.
17:14:17  INFO      [TIC 468179067] Processing ģ
17:14:27  INFO        No 2-min SPOC data found for TIC 468179067.
17:14:28  INFO      [TIC 257342522] Processing ģ
17:14:38  INFO        No 2-min SPOC data found for TIC 257342522.
17:14:39  INFO      [TIC 468157207] Processing ģ
17:14:48  INFO        No 2-min SPOC data found for TIC 468157207.
17:14:49  INFO      [TIC 317180946] Processing ģ
17:15:24  INFO        No 2-min SPOC data found for TIC 317180946.
17:15:25  INFO      [TIC 468148930] Processing ģ
17:16:16  INFO        Found 6 sector(s) for TIC 468148930. Downloading ģ
17:16:33  INFO      2% (377/19811) of the cadences will be ignored due to the quality mask (quality_bitmask=17087).
17:16:50  INFO      0% (32/16812) of the cadences will be ignored due to the quality mask (quality_bitmask=17087).
17:17:07  INFO      8% (1658/20262) of the cadences will be ignored due to the quality mask (quality_bitmask=17087).
17:17:31  INFO      1% (253/19536) of the cadences will be ignored due to the quality mask (quality_bitmask=17087).
17:17:56  WARNING   Download failed for TIC 468148930: ('Connection broken: IncompleteRead(695863 bytes read, 1219337 more expected)', IncompleteRead(695863 bytes read, 1219337 more expected))
17:17:57  INFO      [TIC 401821554] Processing ģ
17:18:14  INFO        No 2-min SPOC data found for TIC 401821554.
17:18:15  INFO      [TIC 257340957] Processing ģ
17:18:41  INFO        No 2-min SPOC data found for TIC 257340957.
17:18:42  INFO      [TIC 257387961] Processing ģ
17:18:55  INFO        No 2-min SPOC data found for TIC 257387961.
17:18:56  INFO      [TIC 451527567] Processing ģ
17:19:18  INFO        No 2-min SPOC data found for TIC 451527567.
17:19:19  INFO      [TIC 383617878] Processing ģ
