14:37:55  INFO      Starting CNN training
  seq_len=201  n_train=1000  epochs=5  batch=64  lr=3.00e-04  seed=42
14:37:55  INFO      Device: cpu
14:37:55  INFO      Generating synthetic datasets …
14:37:55  INFO        train=1000  val=200  test=200  (0.0 s)
14:37:55  INFO      Model: 11153 trainable parameters
14:37:57  INFO      
────────────────────────────────────────────────────────────────────────
  Epoch  │  Train Loss  │  Val Loss  │  Val Acc  │  Val F1  │  Val AUC
────────────────────────────────────────────────────────────────────────
14:37:57  INFO            1  │  0.693315    │  0.694031  │  0.5000   │  0.0000  │  0.9614
14:37:57  INFO            2  │  0.688413    │  0.694436  │  0.5000   │  0.0000  │  0.9621
14:37:58  INFO            3  │  0.680947    │  0.694055  │  0.5000   │  0.0000  │  0.9645
14:37:58  INFO            4  │  0.671701    │  0.688298  │  0.5000   │  0.0000  │  0.9617
14:37:58  INFO            5  │  0.669031    │  0.676894  │  0.5300   │  0.1132  │  0.9673
14:37:58  INFO      ────────────────────────────────────────────────────────────────────────
14:37:58  INFO      Best val AUC: 0.9673
14:37:58  INFO      
==================================================
[test results]
──────────────────────────────────────────────────
  Accuracy  : 0.5350
  Precision : 1.0000
  Recall    : 0.0700
  F1        : 0.1308
  ROC-AUC   : 0.9500
==================================================
14:37:58  INFO      Weights saved → data\models\transit_cnn_weights.pt
14:37:58  INFO      Config saved → data\models\transit_cnn_config.json
